<?xml version="1.0" encoding="UTF-8"?>
<!-- Generated by org.testng.reporters.JUnitReportReporter -->
<testsuite hostname="Biswajit-PC" name="com.webtek.test.SanityTest1" tests="1" failures="0" timestamp="8 May 2015 11:10:47 GMT" time="6.364" errors="0">
  <testcase name="verifyItemPresentInCartAndSummation" time="6.364" classname="com.webtek.test.SanityTest1"/>
</testsuite> <!-- com.webtek.test.SanityTest1 -->
