<?xml version="1.0" encoding="UTF-8"?>
<!-- Generated by org.testng.reporters.JUnitReportReporter -->
<testsuite hostname="Biswajit-PC" name="com.webtek.test.SanityTest" tests="3" failures="0" timestamp="6 May 2015 11:31:02 GMT" time="108.615" errors="0">
  <testcase name="userSignUp" time="77.469" classname="com.webtek.test.SanityTest"/>
  <testcase name="signUser" time="8.769" classname="com.webtek.test.SanityTest"/>
  <testcase name="productCheckOut" time="22.377" classname="com.webtek.test.SanityTest"/>
</testsuite> <!-- com.webtek.test.SanityTest -->
