<?xml version="1.0" encoding="UTF-8"?>
<!-- Generated by org.testng.reporters.JUnitReportReporter -->
<testsuite hostname="Biswajit-PC" name="com.webtek.test.SanityTest" tests="3" failures="0" timestamp="7 May 2015 13:30:18 GMT" time="105.852" errors="0">
  <testcase name="signUser" time="6.265" classname="com.webtek.test.SanityTest"/>
  <testcase name="userSignUp" time="77.230" classname="com.webtek.test.SanityTest"/>
  <testcase name="productCheckOut" time="22.357" classname="com.webtek.test.SanityTest"/>
</testsuite> <!-- com.webtek.test.SanityTest -->
