<?xml version="1.0" encoding="UTF-8"?>
<!-- Generated by org.testng.reporters.JUnitReportReporter -->
<testsuite hostname="Biswajit-PC" name="com.webtek.test.SanityTest1" tests="2" failures="0" timestamp="14 May 2015 09:20:16 GMT" time="31.584" errors="0">
  <testcase name="verifyItemPresentInCartAndSummation" time="7.554" classname="com.webtek.test.SanityTest1"/>
  <testcase name="firstAddProductThenCheckOutWithSign" time="24.030" classname="com.webtek.test.SanityTest1"/>
</testsuite> <!-- com.webtek.test.SanityTest1 -->
