<?xml version="1.0" encoding="UTF-8"?>
<!-- Generated by org.testng.reporters.JUnitReportReporter -->
<testsuite hostname="Biswajit-PC" name="com.webtek.test.SanityTest" tests="2" failures="0" timestamp="5 May 2015 09:05:42 GMT" time="80.791" errors="0">
  <testcase name="signUser" time="4.106" classname="com.webtek.test.SanityTest"/>
  <testcase name="userSignUp" time="76.685" classname="com.webtek.test.SanityTest"/>
</testsuite> <!-- com.webtek.test.SanityTest -->
