<?xml version="1.0" encoding="UTF-8"?>
<!-- Generated by org.testng.reporters.JUnitReportReporter -->
<testsuite hostname="Biswajit-PC" name="com.webtek.test.SanityTest" tests="3" failures="0" timestamp="7 May 2015 08:51:44 GMT" time="541.185" errors="0">
  <testcase name="signUser" time="6.915" classname="com.webtek.test.SanityTest"/>
  <testcase name="userSignUp" time="516.722" classname="com.webtek.test.SanityTest"/>
  <testcase name="productCheckOut" time="17.548" classname="com.webtek.test.SanityTest"/>
</testsuite> <!-- com.webtek.test.SanityTest -->
