<?xml version="1.0" encoding="UTF-8"?>
<!-- Generated by org.testng.reporters.JUnitReportReporter -->
<testsuite hostname="Biswajit-PC" name="com.webtek.test.SanityTest1" tests="1" failures="0" timestamp="14 May 2015 06:39:02 GMT" time="7.968" errors="0">
  <testcase name="verifyItemPresentInCartAndSummation" time="7.968" classname="com.webtek.test.SanityTest1"/>
</testsuite> <!-- com.webtek.test.SanityTest1 -->
