<?xml version="1.0" encoding="UTF-8"?>
<!-- Generated by org.testng.reporters.JUnitReportReporter -->
<testsuite hostname="Biswajit-PC" name="com.webtek.test.SanityTest" tests="3" failures="0" timestamp="14 May 2015 09:20:16 GMT" time="107.576" errors="0">
  <testcase name="signUser" time="6.443" classname="com.webtek.test.SanityTest"/>
  <testcase name="productCheckOut" time="21.546" classname="com.webtek.test.SanityTest"/>
  <testcase name="userSignUp" time="79.587" classname="com.webtek.test.SanityTest"/>
</testsuite> <!-- com.webtek.test.SanityTest -->
