<?xml version="1.0" encoding="UTF-8"?>
<!-- Generated by org.testng.reporters.JUnitReportReporter -->
<testsuite hostname="Biswajit-PC" name="com.webtek.test.SanityTest" tests="3" failures="0" timestamp="6 May 2015 11:38:02 GMT" time="116.558" errors="0">
  <testcase name="userSignUp" time="84.739" classname="com.webtek.test.SanityTest"/>
  <testcase name="productCheckOut" time="22.475" classname="com.webtek.test.SanityTest"/>
  <testcase name="signUser" time="9.344" classname="com.webtek.test.SanityTest"/>
</testsuite> <!-- com.webtek.test.SanityTest -->
